<?xml version="1.0" encoding="UTF-8"?>
<!-- Generated by org.testng.reporters.JUnitXMLReporter -->
<testsuite ignored="0" hostname="DESKTOP-2UAKPPA" failures="0" tests="4" name="Submit Order Test1" time="35.2" errors="0" timestamp="2024-03-03T09:08:21 IST">
  <testcase classname="testCases.SubmitOrderTest1" name="submitOrder" time="7.543"/>
  <testcase classname="testCases.SubmitOrderTest1" name="submitNewOrder" time="7.125"/>
  <testcase classname="testCases.SubmitOrderTest1" name="submitNewOrder" time="6.594"/>
  <testcase classname="testCases.SubmitOrderTest1" name="OrderHistoryTest" time="0.807"/>
</testsuite> <!-- Submit Order Test1 -->
