<?xml version="1.0" encoding="UTF-8"?>
<!-- Generated by org.testng.reporters.JUnitXMLReporter -->
<testsuite ignored="0" hostname="DESKTOP-2UAKPPA" failures="0" tests="4" name="Submit Order Test1" time="31.317" errors="0" timestamp="2024-03-05T09:25:31 IST">
  <testcase classname="testCases.SubmitOrderTest1" name="submitOrder" time="6.47"/>
  <testcase classname="testCases.SubmitOrderTest1" name="submitNewOrder" time="6.123"/>
  <testcase classname="testCases.SubmitOrderTest1" name="submitNewOrder" time="6.162"/>
  <testcase classname="testCases.SubmitOrderTest1" name="OrderHistoryTest" time="0.69"/>
</testsuite> <!-- Submit Order Test1 -->
